\BOOKMARK [-1][-]{part.1}{I The basic layer}{}
\BOOKMARK [0][-]{chapter.1}{File format}{part.1}
\BOOKMARK [1][-]{section.1.1}{The mesh file format}{chapter.1}
\BOOKMARK [1][-]{section.1.2}{The vector file format}{chapter.1}
\BOOKMARK [1][-]{section.1.3}{The parameter file format}{chapter.1}
\BOOKMARK [1][-]{section.1.4}{The table file format}{chapter.1}
\BOOKMARK [0][-]{chapter.2}{Mesh}{part.1}
\BOOKMARK [1][-]{section.2.1}{FVCell1D}{chapter.2}
\BOOKMARK [1][-]{section.2.2}{FVCell2D}{chapter.2}
\BOOKMARK [1][-]{section.2.3}{FVCell3D}{chapter.2}
\BOOKMARK [1][-]{section.2.4}{FVEdge2D}{chapter.2}
\BOOKMARK [1][-]{section.2.5}{FVEdge3D}{chapter.2}
\BOOKMARK [1][-]{section.2.6}{FVFace3D}{chapter.2}
\BOOKMARK [1][-]{section.2.7}{FVMesh1D}{chapter.2}
\BOOKMARK [1][-]{section.2.8}{FVMesh2D}{chapter.2}
\BOOKMARK [1][-]{section.2.9}{FVMesh3D}{chapter.2}
\BOOKMARK [1][-]{section.2.10}{FVStencil}{chapter.2}
\BOOKMARK [1][-]{section.2.11}{FVRecons1D}{chapter.2}
\BOOKMARK [1][-]{section.2.12}{FVRecons2D}{chapter.2}
\BOOKMARK [1][-]{section.2.13}{FVRecons3D}{chapter.2}
\BOOKMARK [1][-]{section.2.14}{FVVertex1D}{chapter.2}
\BOOKMARK [1][-]{section.2.15}{FVVertex2D}{chapter.2}
\BOOKMARK [1][-]{section.2.16}{FVVertex3D}{chapter.2}
\BOOKMARK [1][-]{section.2.17}{GMElement}{chapter.2}
\BOOKMARK [1][-]{section.2.18}{Gmsh}{chapter.2}
\BOOKMARK [0][-]{chapter.3}{Vector and Matrix}{part.1}
\BOOKMARK [1][-]{section.3.1}{FVDenseM}{chapter.3}
\BOOKMARK [1][-]{section.3.2}{FVSparseM}{chapter.3}
\BOOKMARK [1][-]{section.3.3}{FVVect}{chapter.3}
\BOOKMARK [0][-]{chapter.4}{Tools}{part.1}
\BOOKMARK [1][-]{section.4.1}{FVGaussPoint1D}{chapter.4}
\BOOKMARK [1][-]{section.4.2}{FVGaussPoint2D}{chapter.4}
\BOOKMARK [1][-]{section.4.3}{FVGaussPoint3D}{chapter.4}
\BOOKMARK [1][-]{section.4.4}{FVio}{chapter.4}
\BOOKMARK [1][-]{section.4.5}{FVPoint1D}{chapter.4}
\BOOKMARK [1][-]{section.4.6}{FVPoint2D}{chapter.4}
\BOOKMARK [1][-]{section.4.7}{FVPoint3D}{chapter.4}
\BOOKMARK [1][-]{section.4.8}{FVPoint4D}{chapter.4}
\BOOKMARK [1][-]{section.4.9}{Parameter}{chapter.4}
\BOOKMARK [1][-]{section.4.10}{Table}{chapter.4}
\BOOKMARK [0][-]{chapter.5}{Configuration files}{part.1}
\BOOKMARK [1][-]{section.5.1}{FVLib\137config}{chapter.5}
\BOOKMARK [1][-]{section.5.2}{FVGlobal}{chapter.5}
\BOOKMARK [-1][-]{part.2}{II The finite volume layer}{}
