
 --- Logger started at Tue Mar  6 10:50:16 2012


 --- Logger started at Tue Mar  6 10:50:48 2012


 --- Logger started at Tue Mar  6 10:56:24 2012


 --- Logger started at Tue Mar  6 10:57:13 2012


 --- Logger started at Tue Mar  6 10:57:55 2012


 --- Logger started at Tue Mar  6 10:58:51 2012


 --- Logger started at Tue Mar  6 10:59:05 2012


 --- Logger started at Tue Mar  6 10:59:52 2012


 --- Logger started at Tue Mar  6 11:03:36 2012


 --- Logger started at Tue Mar  6 11:04:14 2012


 --- Logger started at Tue Mar  6 11:05:53 2012


 --- Logger started at Tue Mar  6 11:06:16 2012


 --- Logger started at Tue Mar  6 11:07:10 2012


 --- Logger started at Tue Mar  6 11:07:20 2012


 --- Logger started at Tue Mar  6 15:23:29 2012


 --- Logger started at Tue Mar  6 15:24:21 2012


 --- Logger started at Tue Mar  6 15:24:55 2012


 --- Logger started at Tue Mar  6 15:26:56 2012


 --- Logger started at Tue Mar  6 15:27:06 2012


 --- Logger started at Tue Mar  6 15:30:10 2012


 --- Logger started at Tue Mar  6 15:30:12 2012


 --- Logger started at Tue Mar  6 15:30:18 2012


 --- Logger started at Tue Mar  6 17:16:54 2012


 --- Logger started at Tue Mar  6 17:18:01 2012


 --- Logger started at Tue Mar  6 17:22:08 2012


 --- Logger started at Tue Mar  6 17:24:19 2012


 --- Logger started at Tue Mar  6 17:26:15 2012


 --- Logger started at Tue Mar  6 17:26:49 2012


 --- Logger started at Tue Mar  6 17:27:31 2012


 --- Logger started at Tue Mar  6 17:28:48 2012


 --- Logger started at Tue Mar  6 17:28:51 2012


 --- Logger started at Tue Mar  6 17:29:48 2012


 --- Logger started at Tue Mar  6 17:30:40 2012


 --- Logger started at Tue Mar  6 17:31:20 2012


 --- Logger started at Tue Mar  6 17:31:25 2012


 --- Logger started at Tue Mar  6 17:31:57 2012


 --- Logger started at Tue Mar  6 17:32:00 2012


 --- Logger started at Tue Mar  6 17:32:10 2012


 --- Logger started at Tue Mar  6 17:32:24 2012


 --- Logger started at Tue Mar  6 17:33:18 2012


 --- Logger started at Tue Mar  6 17:35:37 2012


 --- Logger started at Tue Mar  6 17:35:52 2012


 --- Logger started at Tue Mar  6 17:36:19 2012


 --- Logger started at Tue Mar  6 17:37:01 2012


 --- Logger started at Tue Mar  6 17:38:10 2012


 --- Logger started at Tue Mar  6 17:38:40 2012


 --- Logger started at Tue Mar  6 17:39:36 2012


 --- Logger started at Tue Mar  6 17:39:43 2012


 --- Logger started at Tue Mar  6 17:41:29 2012


 --- Logger started at Tue Mar  6 17:43:49 2012


 --- Logger started at Tue Mar  6 17:43:55 2012


 --- Logger started at Tue Mar  6 17:44:11 2012


 --- Logger started at Tue Mar  6 17:44:25 2012


 --- Logger started at Tue Mar  6 17:45:00 2012


 --- Logger started at Tue Mar  6 17:45:14 2012


 --- Logger started at Tue Mar  6 17:45:46 2012


 --- Logger started at Tue Mar  6 17:46:24 2012


 --- Logger started at Tue Mar  6 17:46:42 2012


 --- Logger started at Tue Mar  6 17:47:13 2012


 --- Logger started at Tue Mar  6 17:47:27 2012


 --- Logger started at Tue Mar  6 17:49:05 2012


 --- Logger started at Tue Mar  6 17:49:50 2012


 --- Logger started at Tue Mar  6 17:50:22 2012


 --- Logger started at Tue Mar  6 17:50:37 2012


 --- Logger started at Tue Mar  6 17:50:57 2012


 --- Logger started at Tue Mar  6 17:51:17 2012


 --- Logger started at Tue Mar  6 17:51:31 2012


 --- Logger started at Tue Mar  6 17:51:40 2012


 --- Logger started at Tue Mar  6 17:52:13 2012


 --- Logger started at Wed Mar  7 19:23:50 2012


 --- Logger started at Wed Mar  7 19:24:55 2012


 --- Logger started at Thu Mar  8 13:43:50 2012

Error: edges per cell exceed MAX_EDGES_PER_CELL. please update flag and recompile


 --- Logger started at Thu Mar  8 13:45:08 2012


 --- Logger started at Thu Mar  8 13:47:51 2012


 --- Logger started at Thu Mar  8 13:49:00 2012


 --- Logger started at Thu Mar  8 13:49:51 2012


 --- Logger started at Thu Mar  8 14:21:41 2012


 --- Logger started at Thu Mar  8 14:22:28 2012


 --- Logger started at Thu Mar  8 14:23:59 2012


 --- Logger started at Thu Mar  8 14:26:10 2012


 --- Logger started at Thu Mar  8 14:34:07 2012


 --- Logger started at Thu Mar  8 14:35:14 2012


 --- Logger started at Thu Mar  8 14:35:59 2012


 --- Logger started at Thu Mar  8 14:36:26 2012


 --- Logger started at Thu Mar  8 14:36:38 2012


 --- Logger started at Thu Mar  8 14:37:15 2012


 --- Logger started at Thu Mar  8 14:37:57 2012


 --- Logger started at Thu Mar  8 14:37:59 2012


 --- Logger started at Thu Mar  8 14:40:56 2012


 --- Logger started at Thu Mar  8 14:41:09 2012


 --- Logger started at Thu Mar  8 14:41:29 2012


 --- Logger started at Fri Mar  9 15:32:06 2012


 --- Logger started at Fri Mar  9 15:32:09 2012


 --- Logger started at Sat Mar 10 16:52:25 2012


 --- Logger started at Sat Mar 10 16:55:50 2012


 --- Logger started at Sat Mar 10 16:55:56 2012


 --- Logger started at Sat Mar 10 16:55:58 2012


 --- Logger started at Sat Mar 10 16:57:00 2012


 --- Logger started at Sat Mar 10 16:57:09 2012


 --- Logger started at Sat Mar 10 16:57:25 2012


 --- Logger started at Sat Mar 10 16:57:36 2012


 --- Logger started at Sat Mar 10 17:02:23 2012


 --- Logger started at Sat Mar 10 17:02:42 2012


 --- Logger started at Sat Mar 10 17:02:53 2012


 --- Logger started at Sat Mar 10 17:05:16 2012


 --- Logger started at Sat Mar 10 17:08:34 2012


 --- Logger started at Sat Mar 10 17:39:23 2012


 --- Logger started at Sat Mar 10 17:43:40 2012


 --- Logger started at Sat Mar 10 18:12:11 2012


 --- Logger started at Sat Mar 10 18:12:13 2012


 --- Logger started at Sat Mar 10 18:13:18 2012


 --- Logger started at Sat Mar 10 18:13:23 2012


 --- Logger started at Sat Mar 10 18:14:56 2012


 --- Logger started at Sat Mar 10 18:14:59 2012


 --- Logger started at Sat Mar 10 18:15:22 2012


 --- Logger started at Sat Mar 10 18:16:39 2012


 --- Logger started at Sat Mar 10 18:16:41 2012


 --- Logger started at Sat Mar 10 18:20:05 2012


 --- Logger started at Sat Mar 10 18:21:36 2012


 --- Logger started at Sat Mar 10 18:23:07 2012


 --- Logger started at Sat Mar 10 18:23:32 2012


 --- Logger started at Sat Mar 10 18:24:22 2012


 --- Logger started at Sat Mar 10 18:24:50 2012


 --- Logger started at Sat Mar 10 18:27:47 2012


 --- Logger started at Sat Mar 10 18:33:06 2012


 --- Logger started at Sat Mar 10 18:35:41 2012


 --- Logger started at Sat Mar 10 18:35:43 2012


 --- Logger started at Sat Mar 10 18:40:45 2012


 --- Logger started at Sat Mar 10 18:40:57 2012


 --- Logger started at Sat Mar 10 20:16:09 2012


 --- Logger started at Sat Mar 10 20:16:46 2012


 --- Logger started at Sat Mar 10 20:19:54 2012


 --- Logger started at Sat Mar 10 20:29:49 2012


 --- Logger started at Sat Mar 10 20:30:10 2012


 --- Logger started at Sat Mar 10 20:31:27 2012


 --- Logger started at Sat Mar 10 20:48:04 2012


 --- Logger started at Sat Mar 10 21:00:55 2012


 --- Logger started at Sat Mar 10 21:36:49 2012


 --- Logger started at Sat Mar 10 21:40:17 2012


 --- Logger started at Sat Mar 10 21:40:19 2012


 --- Logger started at Sat Mar 10 21:40:49 2012


 --- Logger started at Sat Mar 10 21:57:54 2012


 --- Logger started at Sat Mar 10 22:02:45 2012


 --- Logger started at Sat Mar 10 22:04:06 2012


 --- Logger started at Sat Mar 10 22:09:05 2012


 --- Logger started at Sat Mar 10 22:09:08 2012


 --- Logger started at Sat Mar 10 22:10:30 2012


 --- Logger started at Sat Mar 10 22:11:27 2012


 --- Logger started at Sat Mar 10 22:11:41 2012


 --- Logger started at Sat Mar 10 22:11:57 2012


 --- Logger started at Sat Mar 10 22:16:43 2012


 --- Logger started at Sat Mar 10 22:17:47 2012


 --- Logger started at Sat Mar 10 22:18:15 2012


 --- Logger started at Sat Mar 10 22:18:41 2012


 --- Logger started at Sat Mar 10 22:21:00 2012


 --- Logger started at Sat Mar 10 22:30:17 2012


 --- Logger started at Sat Mar 10 22:30:55 2012


 --- Logger started at Sat Mar 10 22:31:14 2012


 --- Logger started at Sat Mar 10 22:32:54 2012


 --- Logger started at Sat Mar 10 22:32:59 2012


 --- Logger started at Sat Mar 10 22:33:57 2012


 --- Logger started at Sat Mar 10 22:34:00 2012


 --- Logger started at Sat Mar 10 22:34:34 2012


 --- Logger started at Sat Mar 10 22:34:42 2012


 --- Logger started at Sat Mar 10 22:34:49 2012


 --- Logger started at Sat Mar 10 22:34:59 2012


 --- Logger started at Sat Mar 10 22:35:08 2012


 --- Logger started at Sat Mar 10 22:35:19 2012


 --- Logger started at Sat Mar 10 22:35:29 2012


 --- Logger started at Sat Mar 10 22:35:36 2012


 --- Logger started at Sat Mar 10 22:35:48 2012


 --- Logger started at Sat Mar 10 22:35:59 2012


 --- Logger started at Sat Mar 10 22:36:10 2012


 --- Logger started at Sat Mar 10 22:36:14 2012


 --- Logger started at Mon Mar 12 10:09:24 2012


 --- Logger started at Mon Mar 12 10:09:55 2012


 --- Logger started at Tue Mar 13 09:41:02 2012


 --- Logger started at Tue Mar 13 09:41:09 2012


 --- Logger started at Tue Mar 13 09:57:31 2012


 --- Logger started at Tue Mar 13 09:57:34 2012


 --- Logger started at Tue Mar 13 10:01:24 2012


 --- Logger started at Tue Mar 13 10:01:30 2012


 --- Logger started at Tue Mar 13 10:09:33 2012


 --- Logger started at Tue Mar 13 10:34:18 2012


 --- Logger started at Tue Mar 13 10:34:21 2012


 --- Logger started at Tue Mar 13 10:35:14 2012


 --- Logger started at Tue Mar 13 10:36:22 2012


 --- Logger started at Tue Mar 13 10:36:26 2012


 --- Logger started at Tue Mar 13 10:41:37 2012


 --- Logger started at Tue Mar 13 10:41:39 2012


 --- Logger started at Tue Mar 13 10:41:43 2012


 --- Logger started at Tue Mar 13 10:41:47 2012


 --- Logger started at Tue Mar 13 10:45:57 2012


 --- Logger started at Tue Mar 13 10:47:44 2012


 --- Logger started at Tue Mar 13 10:47:54 2012


 --- Logger started at Tue Mar 13 10:48:53 2012


 --- Logger started at Tue Mar 13 11:00:03 2012


 --- Logger started at Tue Mar 13 11:00:20 2012


 --- Logger started at Tue Mar 13 11:02:18 2012


 --- Logger started at Tue Mar 13 11:02:22 2012


 --- Logger started at Tue Mar 13 11:02:55 2012


 --- Logger started at Tue Mar 13 11:03:29 2012


 --- Logger started at Tue Mar 13 11:03:34 2012


 --- Logger started at Tue Mar 13 11:05:14 2012


 --- Logger started at Tue Mar 13 11:34:34 2012


 --- Logger started at Tue Mar 13 12:40:57 2012


 --- Logger started at Tue Mar 13 12:42:58 2012


 --- Logger started at Tue Mar 13 12:43:00 2012


 --- Logger started at Tue Mar 13 12:43:45 2012


 --- Logger started at Tue Mar 13 12:43:49 2012


 --- Logger started at Tue Mar 13 12:50:13 2012


 --- Logger started at Tue Mar 13 12:50:15 2012

